<?xml version="1.0" encoding="UTF-8"?>
<coverage generated="1693131595884" clover="3.2.0">
  <project timestamp="1693131595884" name="All files">
    <metrics statements="40" coveredstatements="32" conditionals="18" coveredconditionals="8" methods="7" coveredmethods="7" elements="65" coveredelements="47" complexity="0" loc="40" ncloc="40" packages="1" files="7" classes="7"/>
    <file name="app.js" path="C:\Users\Mohamed Yasser\Desktop\jext code\app.js">
      <metrics statements="4" coveredstatements="4" conditionals="0" coveredconditionals="0" methods="2" coveredmethods="2"/>
      <line num="18" count="1" type="stmt"/>
      <line num="19" count="5" type="stmt"/>
      <line num="20" count="14" type="stmt"/>
      <line num="24" count="1" type="stmt"/>
    </file>
    <file name="check.js" path="C:\Users\Mohamed Yasser\Desktop\jext code\check.js">
      <metrics statements="5" coveredstatements="4" conditionals="2" coveredconditionals="1" methods="1" coveredmethods="1"/>
      <line num="1" count="1" type="stmt"/>
      <line num="2" count="1" type="cond" truecount="1" falsecount="1"/>
      <line num="3" count="0" type="stmt"/>
      <line num="5" count="1" type="stmt"/>
      <line num="8" count="1" type="stmt"/>
    </file>
    <file name="index.js" path="C:\Users\Mohamed Yasser\Desktop\jext code\index.js">
      <metrics statements="5" coveredstatements="5" conditionals="2" coveredconditionals="2" methods="1" coveredmethods="1"/>
      <line num="1" count="1" type="stmt"/>
      <line num="2" count="2" type="cond" truecount="2" falsecount="0"/>
      <line num="3" count="1" type="stmt"/>
      <line num="5" count="1" type="stmt"/>
      <line num="9" count="1" type="stmt"/>
    </file>
    <file name="inputCheck.js" path="C:\Users\Mohamed Yasser\Desktop\jext code\inputCheck.js">
      <metrics statements="9" coveredstatements="4" conditionals="8" coveredconditionals="1" methods="1" coveredmethods="1"/>
      <line num="1" count="1" type="stmt"/>
      <line num="2" count="1" type="cond" truecount="1" falsecount="1"/>
      <line num="3" count="1" type="stmt"/>
      <line num="5" count="0" type="cond" truecount="0" falsecount="2"/>
      <line num="6" count="0" type="stmt"/>
      <line num="9" count="0" type="cond" truecount="0" falsecount="4"/>
      <line num="10" count="0" type="stmt"/>
      <line num="12" count="0" type="stmt"/>
      <line num="15" count="1" type="stmt"/>
    </file>
    <file name="matchers.js" path="C:\Users\Mohamed Yasser\Desktop\jext code\matchers.js">
      <metrics statements="4" coveredstatements="4" conditionals="0" coveredconditionals="0" methods="0" coveredmethods="0"/>
      <line num="1" count="1" type="stmt"/>
      <line num="6" count="1" type="stmt"/>
      <line num="10" count="1" type="stmt"/>
      <line num="11" count="1" type="stmt"/>
    </file>
    <file name="mock.js" path="C:\Users\Mohamed Yasser\Desktop\jext code\mock.js">
      <metrics statements="3" coveredstatements="3" conditionals="0" coveredconditionals="0" methods="1" coveredmethods="1"/>
      <line num="1" count="1" type="stmt"/>
      <line num="2" count="1" type="stmt"/>
      <line num="5" count="1" type="stmt"/>
    </file>
    <file name="tests.js" path="C:\Users\Mohamed Yasser\Desktop\jext code\tests.js">
      <metrics statements="10" coveredstatements="8" conditionals="6" coveredconditionals="4" methods="1" coveredmethods="1"/>
      <line num="2" count="1" type="stmt"/>
      <line num="3" count="2" type="cond" truecount="2" falsecount="0"/>
      <line num="4" count="1" type="stmt"/>
      <line num="6" count="1" type="stmt"/>
      <line num="7" count="1" type="cond" truecount="1" falsecount="1"/>
      <line num="8" count="1" type="stmt"/>
      <line num="11" count="0" type="stmt"/>
      <line num="14" count="1" type="cond" truecount="1" falsecount="1"/>
      <line num="15" count="0" type="stmt"/>
      <line num="17" count="1" type="stmt"/>
    </file>
  </project>
</coverage>
